app/build/intermediates/manifest_merge_blame_file/debug/processDebugMainManifest/manifest-merger-blame-debug-report.txt
1<?xml version="1.0" encoding="utf-8"?>
2<manifest xmlns:android="http://schemas.android.com/apk/res/android"
3    package="com.tencent.ppocrv5ncnn"
4    android:versionCode="1"
5    android:versionName="1.1" >
6
7    <uses-sdk
8        android:minSdkVersion="24"
9        android:targetSdkVersion="24" />
10
11    <uses-permission android:name="android.permission.CAMERA" />
11-->src/main/AndroidManifest.xml:5:5-65
11-->src/main/AndroidManifest.xml:5:22-62
12
13    <uses-feature android:name="android.hardware.camera2.full" />
13-->src/main/AndroidManifest.xml:6:5-66
13-->src/main/AndroidManifest.xml:6:19-63
14    <uses-feature
14-->src/main/AndroidManifest.xml:7:5-85
15        android:name="android.hardware.camera"
15-->src/main/AndroidManifest.xml:7:19-57
16        android:required="false" />
16-->src/main/AndroidManifest.xml:7:58-82
17
18    <application
18-->src/main/AndroidManifest.xml:9:5-16:19
19        android:debuggable="true"
20        android:extractNativeLibs="true"
21        android:label="@string/app_name"
21-->src/main/AndroidManifest.xml:9:18-50
22        android:testOnly="true" >
23        <activity
23-->src/main/AndroidManifest.xml:10:9-15:20
24            android:name="com.tencent.ppocrv5ncnn.MainActivity"
24-->src/main/AndroidManifest.xml:10:19-46
25            android:label="@string/app_name" >
25-->src/main/AndroidManifest.xml:10:47-79
26            <intent-filter>
26-->src/main/AndroidManifest.xml:11:13-14:29
27                <action android:name="android.intent.action.MAIN" />
27-->src/main/AndroidManifest.xml:12:17-69
27-->src/main/AndroidManifest.xml:12:25-66
28
29                <category android:name="android.intent.category.LAUNCHER" />
29-->src/main/AndroidManifest.xml:13:17-77
29-->src/main/AndroidManifest.xml:13:27-74
30            </intent-filter>
31        </activity>
32    </application>
33
34</manifest>